-------------------------------------------------------------------------------
Test set: interview.OfficeSupplierTest
-------------------------------------------------------------------------------
Tests run: 1, Failures: 1, Errors: 0, Skipped: 0, Time elapsed: 0.538 s <<< FAILURE! - in interview.OfficeSupplierTest
testOfficeStapler  Time elapsed: 0.296 s  <<< FAILURE!
java.lang.AssertionError
	at interview.OfficeSupplierTest.testOfficeStapler(OfficeSupplierTest.java:21)

