-------------------------------------------------------------------------------
Test set: interview.SevenElevenTest
-------------------------------------------------------------------------------
Tests run: 1, Failures: 1, Errors: 0, Skipped: 0, Time elapsed: 0 s <<< FAILURE! - in interview.SevenElevenTest
testShop  Time elapsed: 0 s  <<< FAILURE!
java.lang.AssertionError
	at interview.SevenElevenTest.testShop(SevenElevenTest.java:14)

